<?xml version="1.0" encoding="UTF-8"?>
<!-- Generated by org.testng.reporters.JUnitXMLReporter -->
<testsuite hostname="SFSIND0510" ignored="0" name="Command line test" tests="1" failures="0" timestamp="16 Oct 2018 07:38:49 GMT" time="0.034" errors="0">
  <testcase name="@BeforeTest setup" time="0.0" classname="org.qa.testscripts.CrossBrowserTest">
    <failure type="org.testng.TestNGException" message="
Parameter &amp;apos;browser&amp;apos; is required by BeforeTest on method setup but has not been marked @Optional or defined
">
      <![CDATA[org.testng.TestNGException: 
Parameter 'browser' is required by BeforeTest on method setup but has not been marked @Optional or defined

at com.sun.proxy.$Proxy0.invoke(Unknown Source)
... Removed 29 stack frames]]>
    </failure>
  </testcase> <!-- @BeforeTest setup -->
  <testcase name="@AfterTest teardown" time="0.0" classname="org.qa.testscripts.CrossBrowserTest">
    <skipped/>
  </testcase> <!-- @AfterTest teardown -->
  <testcase name="execute" time="0.0" classname="org.qa.testscripts.CrossBrowserTest">
    <skipped/>
  </testcase> <!-- execute -->
</testsuite> <!-- Command line test -->
